0 info it worked if it ends with ok
1 verbose cli [ 'C:\\laragon\\bin\\nodejs\\node.exe',
1 verbose cli   'C:\\laragon\\bin\\nodejs\\node_modules\\npm\\bin\\npm-cli.js',
1 verbose cli   'start' ]
2 info using npm@3.10.3
3 info using node@v6.4.0
4 verbose run-script [ 'prestart', 'start', 'poststart' ]
5 info lifecycle aurelis@~prestart: aurelis@
6 verbose lifecycle aurelis@~prestart: unsafe-perm in lifecycle true
7 verbose lifecycle aurelis@~prestart: PATH: C:\laragon\bin\nodejs\node_modules\npm\bin\node-gyp-bin;C:\laragon\www\aurelis\frontend\node_modules\.bin;C:\laragon\bin\nodejs;C:\Users\afilgueira\AppData\Roaming\npm;C:\laragon\bin\cmder\vendor\telnet;C:\laragon\bin\cmder\vendor\putty;C:\Users\afilgueira\AppData\Roaming\Composer\vendor\bin;C:\laragon\bin\mysql\mysql-5.7.13-win32\bin;C:\laragon\bin\php\php-7.0.10-Win32-VC14-x86;C:\laragon\bin\composer;C:\laragon\bin\apache\httpd-2.4.23-win32-VC14\bin\;C:\laragon\bin\redis\redis-2.6.12;C:\laragon\bin\memcached\memcached-1.4.5;C:\laragon\bin\nodejs;C:\laragon\bin\notepad++;C:\laragon\bin\telnet;C:\laragon\bin\sublime;C:\laragon\bin\ngrok;C:\laragon\bin\sendmail;C:\laragon\bin\winscp;C:\laragon\bin\git\bin;C:\laragon\bin\git\cmd;C:\laragon\bin\git\usr\bin;C:\laragon\bin\git\mingw32\bin;C:\laragon\bin;C:\laragon\usr\bin;C:\laragon\bin\putty;C:\laragon\bin\cmder\bin;C:\Program Files\Git\bin;C:\Program Files\Git\usr\bin;C:\Program Files\Git\usr\share\vim\vim74;C:\laragon\bin\cmder\vendor\conemu-maximus5\ConEmu\Scripts;C:\laragon\bin\cmder\vendor\conemu-maximus5;C:\laragon\bin\cmder\vendor\conemu-maximus5\ConEmu;C:\ProgramData\Oracle\Java\javapath;c:\Program Files\AMD APP\bin\x86;C:\Windows\system32;C:\Windows;C:\Windows\System32\Wbem;C:\Windows\System32\WindowsPowerShell\v1.0\;c:\Program Files\ATI Technologies\ATI.ACE\Core-Static;C:\Program Files\Skype\Phone\;C:\Program Files\Git\cmd;C:\Program Files\nodejs\;C:\Program Files\MongoDB\Server\3.2\bin;C:\Program Files\Microsoft VS Code\bin;C:\Program Files\Git\bin\git.exe;C:\Users\afilgueira\AppData\Roaming\npm;C:\Windows\System32;C:\Program Files\MongoDB\Server\3.2\bin;C:\Program Files\Heroku\bin;C:\laragon\bin\cmder\;
8 verbose lifecycle aurelis@~prestart: CWD: C:\laragon\www\aurelis\frontend
9 silly lifecycle aurelis@~prestart: Args: [ '/d /s /c', 'npm install' ]
10 silly lifecycle aurelis@~prestart: Returned: code: 1  signal: null
11 info lifecycle aurelis@~prestart: Failed to exec prestart script
12 verbose stack Error: aurelis@ prestart: `npm install`
12 verbose stack Exit status 1
12 verbose stack     at EventEmitter.<anonymous> (C:\laragon\bin\nodejs\node_modules\npm\lib\utils\lifecycle.js:242:16)
12 verbose stack     at emitTwo (events.js:106:13)
12 verbose stack     at EventEmitter.emit (events.js:191:7)
12 verbose stack     at ChildProcess.<anonymous> (C:\laragon\bin\nodejs\node_modules\npm\lib\utils\spawn.js:40:14)
12 verbose stack     at emitTwo (events.js:106:13)
12 verbose stack     at ChildProcess.emit (events.js:191:7)
12 verbose stack     at maybeClose (internal/child_process.js:852:16)
12 verbose stack     at Process.ChildProcess._handle.onexit (internal/child_process.js:215:5)
13 verbose pkgid aurelis@
14 verbose cwd C:\laragon\www\aurelis\frontend
15 error Windows_NT 6.1.7601
16 error argv "C:\\laragon\\bin\\nodejs\\node.exe" "C:\\laragon\\bin\\nodejs\\node_modules\\npm\\bin\\npm-cli.js" "start"
17 error node v6.4.0
18 error npm  v3.10.3
19 error code ELIFECYCLE
20 error aurelis@ prestart: `npm install`
20 error Exit status 1
21 error Failed at the aurelis@ prestart script 'npm install'.
21 error Make sure you have the latest version of node.js and npm installed.
21 error If you do, this is most likely a problem with the aurelis package,
21 error not with npm itself.
21 error Tell the author that this fails on your system:
21 error     npm install
21 error You can get information on how to open an issue for this project with:
21 error     npm bugs aurelis
21 error Or if that isn't available, you can get their info via:
21 error     npm owner ls aurelis
21 error There is likely additional logging output above.
22 verbose exit [ 1, true ]
