0 info it worked if it ends with ok
1 verbose cli [ 'C:\\Program Files\\nodejs\\node.exe',
1 verbose cli   'C:\\Users\\W10\\AppData\\Roaming\\npm\\node_modules\\npm\\bin\\npm-cli.js',
1 verbose cli   'start' ]
2 info using npm@4.0.3
3 info using node@v7.2.0
4 verbose run-script [ 'prestart', 'start', 'poststart' ]
5 info lifecycle apirest@1.0.0~prestart: apirest@1.0.0
6 verbose lifecycle apirest@1.0.0~prestart: unsafe-perm in lifecycle true
7 verbose lifecycle apirest@1.0.0~prestart: PATH: C:\Users\W10\AppData\Roaming\npm\node_modules\npm\bin\node-gyp-bin;C:\Users\W10\Desktop\aurelis\backend\node_modules\.bin;C:\ProgramData\Oracle\Java\javapath;C:\Program Files (x86)\NVIDIA Corporation\PhysX\Common;C:\WINDOWS\system32;C:\WINDOWS;C:\WINDOWS\System32\Wbem;C:\WINDOWS\System32\WindowsPowerShell\v1.0\;C:\Program Files\nodejs\;C:\Program Files\SourceGear\Common\DiffMerge\;C:\Program Files\Git\cmd;C:\Program Files\MongoDB\Server\3.4\bin;C:\Users\W10\AppData\Roaming\npm;C:\Program Files (x86)\Microsoft VS Code\bin
8 verbose lifecycle apirest@1.0.0~prestart: CWD: C:\Users\W10\Desktop\aurelis\backend
9 silly lifecycle apirest@1.0.0~prestart: Args: [ '/d /s /c', 'npm install' ]
10 silly lifecycle apirest@1.0.0~prestart: Returned: code: 0  signal: null
11 info lifecycle apirest@1.0.0~start: apirest@1.0.0
12 verbose lifecycle apirest@1.0.0~start: unsafe-perm in lifecycle true
13 verbose lifecycle apirest@1.0.0~start: PATH: C:\Users\W10\AppData\Roaming\npm\node_modules\npm\bin\node-gyp-bin;C:\Users\W10\Desktop\aurelis\backend\node_modules\.bin;C:\ProgramData\Oracle\Java\javapath;C:\Program Files (x86)\NVIDIA Corporation\PhysX\Common;C:\WINDOWS\system32;C:\WINDOWS;C:\WINDOWS\System32\Wbem;C:\WINDOWS\System32\WindowsPowerShell\v1.0\;C:\Program Files\nodejs\;C:\Program Files\SourceGear\Common\DiffMerge\;C:\Program Files\Git\cmd;C:\Program Files\MongoDB\Server\3.4\bin;C:\Users\W10\AppData\Roaming\npm;C:\Program Files (x86)\Microsoft VS Code\bin
14 verbose lifecycle apirest@1.0.0~start: CWD: C:\Users\W10\Desktop\aurelis\backend
15 silly lifecycle apirest@1.0.0~start: Args: [ '/d /s /c', 'nodemon index.js' ]
16 silly lifecycle apirest@1.0.0~start: Returned: code: 3221225786  signal: null
17 info lifecycle apirest@1.0.0~start: Failed to exec start script
18 verbose stack Error: apirest@1.0.0 start: `nodemon index.js`
18 verbose stack Exit status 3221225786
18 verbose stack     at EventEmitter.<anonymous> (C:\Users\W10\AppData\Roaming\npm\node_modules\npm\lib\utils\lifecycle.js:279:16)
18 verbose stack     at emitTwo (events.js:106:13)
18 verbose stack     at EventEmitter.emit (events.js:191:7)
18 verbose stack     at ChildProcess.<anonymous> (C:\Users\W10\AppData\Roaming\npm\node_modules\npm\lib\utils\spawn.js:40:14)
18 verbose stack     at emitTwo (events.js:106:13)
18 verbose stack     at ChildProcess.emit (events.js:191:7)
18 verbose stack     at maybeClose (internal/child_process.js:885:16)
18 verbose stack     at Process.ChildProcess._handle.onexit (internal/child_process.js:226:5)
19 verbose pkgid apirest@1.0.0
20 verbose cwd C:\Users\W10\Desktop\aurelis\backend
21 error Windows_NT 10.0.14393
22 error argv "C:\\Program Files\\nodejs\\node.exe" "C:\\Users\\W10\\AppData\\Roaming\\npm\\node_modules\\npm\\bin\\npm-cli.js" "start"
23 error node v7.2.0
24 error npm  v4.0.3
25 error code ELIFECYCLE
26 error apirest@1.0.0 start: `nodemon index.js`
26 error Exit status 3221225786
27 error Failed at the apirest@1.0.0 start script 'nodemon index.js'.
27 error Make sure you have the latest version of node.js and npm installed.
27 error If you do, this is most likely a problem with the apirest package,
27 error not with npm itself.
27 error Tell the author that this fails on your system:
27 error     nodemon index.js
27 error You can get information on how to open an issue for this project with:
27 error     npm bugs apirest
27 error Or if that isn't available, you can get their info via:
27 error     npm owner ls apirest
27 error There is likely additional logging output above.
28 verbose exit [ 1, true ]
